# Server version 0.08 running on wpa076073.wireless.mcgill.ca:8123
# Game ID: 250
# Board class: hus.HusBoard
# Timeout: 2000
# First Move Timeout: 30000
# Date: Sat Apr 02 12:49:20 EDT 2016
# Player 1: Player-0, '260513906', running on wpa076073.wireless.mcgill.ca
# Player 2: Player-1, 'RandomHusPlayer', running on wpa076073.wireless.mcgill.ca
START Player-0 260513906
START Player-1 RandomHusPlayer
PIT 0 2
PIT 1 23
PIT 0 1
PIT 1 7
PIT 0 18
PIT 1 13
PIT 0 20
PIT 1 29
PIT 0 21
PIT 1 17
PIT 0 26
PIT 1 14
PIT 0 9
PIT 1 16
PIT 0 24
PIT 1 8
PIT 0 5
PIT 1 18
PIT 0 0
PIT 1 21
PIT 0 31
PIT 1 10
PIT 0 15
PIT 1 19
PIT 0 4
PIT 1 27
PIT 0 7
PIT 1 17
PIT 0 2
PIT 1 10
PIT 0 11
PIT 1 30
PIT 0 9
PIT 1 3
PIT 0 16
PIT 1 4
GAMEOVER WINNER 1
# Game ended: Sat Apr 02 12:49:24 EDT 2016
