# Server version 0.08 running on wpa076073.wireless.mcgill.ca:8123
# Game ID: 294
# Board class: hus.HusBoard
# Timeout: 2000
# First Move Timeout: 30000
# Date: Sat Apr 02 15:08:44 EDT 2016
# Player 1: Player-0, 'RandomHusPlayer', running on wpa076073.wireless.mcgill.ca
# Player 2: Player-1, '260513906', running on wpa076073.wireless.mcgill.ca
START Player-0 RandomHusPlayer
START Player-1 260513906
PIT 0 15
PIT 1 10
PIT 0 22
PIT 1 14
PIT 0 3
PIT 1 24
PIT 0 0
PIT 1 2
PIT 0 9
PIT 1 3
PIT 0 4
PIT 1 0
PIT 0 19
PIT 1 18
GAMEOVER WINNER 1
# Game ended: Sat Apr 02 15:08:44 EDT 2016
