# Server version 0.08 running on 192.168.2.231:8123
# Game ID: 16
# Board class: hus.HusBoard
# Timeout: 2000
# First Move Timeout: 30000
# Date: Tue Mar 15 23:26:48 EDT 2016
# Player 1: Player-0, '260513906', running on localhost
# Player 2: Player-1, 'RandomHusPlayer', running on localhost
START Player-0 260513906
START Player-1 RandomHusPlayer
PIT 0 0
PIT 1 13
PIT 0 1
PIT 1 0
PIT 0 18
PIT 1 4
PIT 0 3
PIT 1 23
PIT 0 24
PIT 1 12
PIT 0 25
PIT 1 10
PIT 0 17
PIT 1 1
PIT 0 26
PIT 1 15
PIT 0 22
PIT 1 3
PIT 0 17
PIT 1 4
PIT 0 18
PIT 1 9
PIT 0 13
PIT 1 10
PIT 0 17
PIT 1 15
PIT 0 21
PIT 1 5
PIT 0 18
GAMEOVER WINNER 0
# Game ended: Tue Mar 15 23:26:48 EDT 2016
