# Server version 0.08 running on lab1-3.CS.McGill.CA:8123
# Game ID: 512
# Board class: hus.HusBoard
# Timeout: 2000
# First Move Timeout: 30000
# Date: Thu Apr 07 16:49:02 EDT 2016
# Player 1: Player-0, '260513906', running on localhost
# Player 2: Player-1, 'RandomHusPlayer', running on localhost
START Player-0 260513906
START Player-1 RandomHusPlayer
PIT 0 1
PIT 1 23
PIT 0 0
PIT 1 22
PIT 0 4
PIT 1 21
PIT 0 5
PIT 1 24
PIT 0 6
PIT 1 29
PIT 0 7
PIT 1 15
PIT 0 8
PIT 1 25
PIT 0 13
PIT 1 28
PIT 0 11
PIT 1 0
PIT 0 14
PIT 1 12
GAMEOVER WINNER 1
# Game ended: Thu Apr 07 16:49:17 EDT 2016
