# Server version 0.08 running on cs-22.CS.McGill.CA:8123
# Game ID: 461
# Board class: hus.HusBoard
# Timeout: 2000
# First Move Timeout: 30000
# Date: Wed Apr 06 20:42:03 EDT 2016
# Player 1: Player-0, '260513906', running on localhost
# Player 2: Player-1, 'RandomHusPlayer', running on localhost
START Player-0 260513906
START Player-1 RandomHusPlayer
PIT 0 6
PIT 1 11
PIT 0 5
PIT 1 8
PIT 0 9
PIT 1 9
PIT 0 19
PIT 1 21
PIT 0 10
PIT 1 15
GAMEOVER TIMEOUT WINNER 1
# Game ended: Wed Apr 06 20:42:44 EDT 2016
