# Server version 0.08 running on cs-3.CS.McGill.CA:8123
# Game ID: 443
# Board class: hus.HusBoard
# Timeout: 2000
# First Move Timeout: 30000
# Date: Wed Apr 06 15:34:51 EDT 2016
# Player 1: Player-0, '260513906', running on localhost
# Player 2: Player-1, 'RandomHusPlayer', running on localhost
START Player-0 260513906
START Player-1 RandomHusPlayer
PIT 0 6
PIT 1 11
PIT 0 5
PIT 1 3
PIT 0 15
PIT 1 15
PIT 0 19
PIT 1 14
PIT 0 20
PIT 1 21
PIT 0 13
PIT 1 18
PIT 0 16
PIT 1 17
PIT 0 29
PIT 1 22
PIT 0 15
PIT 1 23
PIT 0 18
PIT 1 28
PIT 0 14
PIT 1 25
PIT 0 5
PIT 1 27
PIT 0 8
PIT 1 28
PIT 0 11
PIT 1 29
PIT 0 15
PIT 1 4
PIT 0 26
PIT 1 7
PIT 0 25
PIT 1 12
GAMEOVER TIMEOUT WINNER 1
# Game ended: Wed Apr 06 15:36:04 EDT 2016
