# Server version 0.08 running on wpa149070.wireless.mcgill.ca:8123
# Game ID: 189
# Board class: hus.HusBoard
# Timeout: 2000
# First Move Timeout: 30000
# Date: Fri Apr 01 16:06:05 EDT 2016
# Player 1: Player-0, 'RandomHusPlayer', running on wpa149070.wireless.mcgill.ca
# Player 2: Player-1, '260513906', running on wpa149070.wireless.mcgill.ca
START Player-0 RandomHusPlayer
START Player-1 260513906
PIT 0 6
PIT 1 6
PIT 0 21
PIT 1 15
PIT 0 4
PIT 1 9
PIT 0 19
PIT 1 17
PIT 0 12
PIT 1 1
GAMEOVER WINNER 1
# Game ended: Fri Apr 01 16:06:06 EDT 2016
