# Server version 0.08 running on wpa077177.wireless.mcgill.ca:8123
# Game ID: 54
# Board class: hus.HusBoard
# Timeout: 2000
# First Move Timeout: 30000
# Date: Tue Mar 29 15:15:25 EDT 2016
# Player 1: Player-0, '260513906', running on wpa077177.wireless.mcgill.ca
# Player 2: Player-1, 'RandomHusPlayer', running on wpa077177.wireless.mcgill.ca
START Player-0 260513906
START Player-1 RandomHusPlayer
PIT 0 0
PIT 1 16
PIT 0 18
PIT 1 17
PIT 0 9
PIT 1 19
PIT 0 13
PIT 1 1
PIT 0 18
PIT 1 14
PIT 0 28
PIT 1 0
PIT 0 8
PIT 1 12
PIT 0 0
GAMEOVER WINNER 0
# Game ended: Tue Mar 29 15:15:25 EDT 2016
