# Server version 0.08 running on cs-3.CS.McGill.CA:8123
# Game ID: 395
# Board class: hus.HusBoard
# Timeout: 2000
# First Move Timeout: 30000
# Date: Wed Apr 06 13:58:42 EDT 2016
# Player 1: Player-0, '260513906', running on localhost
# Player 2: Player-1, 'RandomHusPlayer', running on localhost
START Player-0 260513906
START Player-1 RandomHusPlayer
PIT 0 0
PIT 1 1
PIT 0 7
PIT 1 8
PIT 0 21
PIT 1 17
PIT 0 6
PIT 1 19
PIT 0 12
PIT 1 22
PIT 0 18
PIT 1 21
PIT 0 13
PIT 1 25
PIT 0 23
PIT 1 29
PIT 0 21
PIT 1 0
PIT 0 29
PIT 1 3
PIT 0 2
PIT 1 26
PIT 0 1
PIT 1 10
