# Server version 0.08 running on wpa076073.wireless.mcgill.ca:8123
# Game ID: 295
# Board class: hus.HusBoard
# Timeout: 2000
# First Move Timeout: 30000
# Date: Sat Apr 02 15:08:49 EDT 2016
# Player 1: Player-0, 'RandomHusPlayer', running on wpa076073.wireless.mcgill.ca
# Player 2: Player-1, '260513906', running on wpa076073.wireless.mcgill.ca
START Player-0 RandomHusPlayer
START Player-1 260513906
PIT 0 18
PIT 1 8
PIT 0 10
PIT 1 14
PIT 0 1
PIT 1 21
PIT 0 14
PIT 1 12
PIT 0 7
PIT 1 19
PIT 0 13
PIT 1 16
PIT 0 16
PIT 1 22
PIT 0 15
PIT 1 20
PIT 0 23
PIT 1 21
PIT 0 24
PIT 1 17
PIT 0 0
PIT 1 19
PIT 0 17
PIT 1 20
GAMEOVER WINNER 1
# Game ended: Sat Apr 02 15:08:50 EDT 2016
