# Server version 0.08 running on wpa149059.wireless.mcgill.ca:8123
# Game ID: 128
# Board class: hus.HusBoard
# Timeout: 2000
# First Move Timeout: 30000
# Date: Thu Mar 31 13:47:23 EDT 2016
# Player 1: Player-0, '260513906', running on wpa149059.wireless.mcgill.ca
# Player 2: Player-1, 'RandomHusPlayer', running on wpa149059.wireless.mcgill.ca
START Player-0 260513906
START Player-1 RandomHusPlayer
PIT 0 23
PIT 1 13
PIT 0 22
PIT 1 22
PIT 0 21
PIT 1 10
PIT 0 28
PIT 1 2
PIT 0 4
PIT 1 5
PIT 0 30
PIT 1 1
PIT 0 29
PIT 1 9
PIT 0 31
PIT 1 11
PIT 0 28
PIT 1 8
PIT 0 30
PIT 1 6
PIT 0 31
PIT 1 0
PIT 0 27
PIT 1 12
PIT 0 23
PIT 1 5
PIT 0 22
PIT 1 16
PIT 0 18
PIT 1 18
GAMEOVER TIMEOUT WINNER 1
# Game ended: Thu Mar 31 13:47:30 EDT 2016
