# Server version 0.08 running on wpa076073.wireless.mcgill.ca:8123
# Game ID: 256
# Board class: hus.HusBoard
# Timeout: 2000
# First Move Timeout: 30000
# Date: Sat Apr 02 13:11:43 EDT 2016
# Player 1: Player-0, '260513906', running on wpa076073.wireless.mcgill.ca
# Player 2: Player-1, 'RandomHusPlayer', running on wpa076073.wireless.mcgill.ca
START Player-0 260513906
START Player-1 RandomHusPlayer
PIT 0 0
PIT 1 8
PIT 0 1
PIT 1 14
PIT 0 3
PIT 1 18
PIT 0 9
PIT 1 27
PIT 0 15
PIT 1 9
PIT 0 22
PIT 1 0
GAMEOVER WINNER 1
# Game ended: Sat Apr 02 13:11:45 EDT 2016
