# Server version 0.08 running on wpa149070.wireless.mcgill.ca:8123
# Game ID: 225
# Board class: hus.HusBoard
# Timeout: 2000
# First Move Timeout: 30000
# Date: Fri Apr 01 19:29:09 EDT 2016
# Player 1: Player-0, '260513906', running on wpa149070.wireless.mcgill.ca
# Player 2: Player-1, 'RandomHusPlayer', running on wpa149070.wireless.mcgill.ca
START Player-0 260513906
START Player-1 RandomHusPlayer
PIT 0 15
PIT 1 10
PIT 0 3
PIT 1 17
PIT 0 4
PIT 1 19
PIT 0 19
PIT 1 23
PIT 0 18
PIT 1 3
PIT 0 16
PIT 1 14
PIT 0 23
PIT 1 21
PIT 0 4
PIT 1 7
PIT 0 0
PIT 1 24
PIT 0 18
PIT 1 13
PIT 0 29
PIT 1 25
PIT 0 25
PIT 1 8
PIT 0 12
PIT 1 0
PIT 0 9
PIT 1 1
PIT 0 30
PIT 1 5
PIT 0 31
PIT 1 6
PIT 0 5
PIT 1 3
PIT 0 2
PIT 1 7
PIT 0 17
PIT 1 8
PIT 0 15
PIT 1 9
PIT 0 6
PIT 1 12
PIT 0 31
PIT 1 13
PIT 0 17
PIT 1 16
PIT 0 11
PIT 1 17
PIT 0 29
PIT 1 18
PIT 0 18
GAMEOVER WINNER 0
# Game ended: Fri Apr 01 19:29:15 EDT 2016
