# Server version 0.08 running on wpa149070.wireless.mcgill.ca:8123
# Game ID: 176
# Board class: hus.HusBoard
# Timeout: 2000
# First Move Timeout: 30000
# Date: Fri Apr 01 15:39:18 EDT 2016
# Player 1: Player-0, 'RandomHusPlayer', running on wpa149070.wireless.mcgill.ca
# Player 2: Player-1, '260513906', running on wpa149070.wireless.mcgill.ca
START Player-0 RandomHusPlayer
START Player-1 260513906
PIT 0 0
PIT 1 12
PIT 0 6
PIT 1 21
PIT 0 7
PIT 1 6
PIT 0 8
PIT 1 11
PIT 0 15
PIT 1 0
PIT 0 14
PIT 1 16
PIT 0 13
PIT 1 22
PIT 0 16
PIT 1 20
PIT 0 26
GAMEOVER WINNER 0
# Game ended: Fri Apr 01 15:39:49 EDT 2016
