# Server version 0.08 running on wpa149059.wireless.mcgill.ca:8123
# Game ID: 132
# Board class: hus.HusBoard
# Timeout: 2000
# First Move Timeout: 30000
# Date: Thu Mar 31 13:51:44 EDT 2016
# Player 1: Player-0, '260513906', running on wpa149059.wireless.mcgill.ca
# Player 2: Player-1, 'RandomHusPlayer', running on wpa149059.wireless.mcgill.ca
START Player-0 260513906
START Player-1 RandomHusPlayer
PIT 0 23
PIT 1 9
PIT 0 20
PIT 1 2
PIT 0 19
PIT 1 16
PIT 0 24
PIT 1 3
PIT 0 17
PIT 1 15
GAMEOVER TIMEOUT WINNER 1
# Game ended: Thu Mar 31 13:51:56 EDT 2016
