# Server version 0.08 running on wpa076073.wireless.mcgill.ca:8123
# Game ID: 359
# Board class: hus.HusBoard
# Timeout: 2000
# First Move Timeout: 30000
# Date: Sat Apr 02 15:55:16 EDT 2016
# Player 1: Player-0, '260513906', running on wpa076073.wireless.mcgill.ca
# Player 2: Player-1, 'RandomHusPlayer', running on wpa076073.wireless.mcgill.ca
START Player-0 260513906
START Player-1 RandomHusPlayer
PIT 0 0
PIT 1 20
PIT 0 1
PIT 1 7
PIT 0 3
PIT 1 19
PIT 0 9
PIT 1 4
PIT 0 10
PIT 1 29
PIT 0 11
PIT 1 14
PIT 0 12
PIT 1 7
PIT 0 21
PIT 1 1
GAMEOVER WINNER 1
# Game ended: Sat Apr 02 15:55:16 EDT 2016
