# Server version 0.08 running on wpa149059.wireless.mcgill.ca:8123
# Game ID: 138
# Board class: hus.HusBoard
# Timeout: 2000
# First Move Timeout: 30000
# Date: Thu Mar 31 14:10:24 EDT 2016
# Player 1: Player-0, 'RandomHusPlayer', running on wpa149059.wireless.mcgill.ca
# Player 2: Player-1, '260513906', running on wpa149059.wireless.mcgill.ca
START Player-0 RandomHusPlayer
START Player-1 260513906
PIT 0 14
PIT 1 23
PIT 0 10
PIT 1 22
PIT 0 20
PIT 1 19
PIT 0 6
PIT 1 15
PIT 0 4
PIT 1 23
PIT 0 2
PIT 1 9
PIT 0 0
PIT 1 31
PIT 0 3
PIT 1 29
PIT 0 4
PIT 1 31
PIT 0 5
PIT 1 30
PIT 0 7
PIT 1 31
PIT 0 1
PIT 1 29
PIT 0 11
PIT 1 27
PIT 0 14
PIT 1 31
PIT 0 2
PIT 1 30
PIT 0 8
PIT 1 24
PIT 0 9
PIT 1 31
PIT 0 3
PIT 1 28
PIT 0 10
PIT 1 27
PIT 0 12
PIT 1 31
PIT 0 14
PIT 1 16
PIT 0 13
GAMEOVER TIMEOUT WINNER 0
# Game ended: Thu Mar 31 14:10:30 EDT 2016
