# Server version 0.08 running on 192.168.2.243:8123
# Game ID: 242
# Board class: hus.HusBoard
# Timeout: 2000
# First Move Timeout: 30000
# Date: Sat Apr 02 11:12:03 EDT 2016
# Player 1: Player-0, '260513906', running on 192.168.2.243
# Player 2: Player-1, 'RandomHusPlayer', running on 192.168.2.243
START Player-0 260513906
START Player-1 RandomHusPlayer
PIT 0 9
PIT 1 6
PIT 0 21
PIT 1 4
PIT 0 12
PIT 1 12
PIT 0 16
PIT 1 9
PIT 0 10
PIT 1 19
PIT 0 0
PIT 1 25
PIT 0 1
PIT 1 3
PIT 0 3
PIT 1 20
PIT 0 4
GAMEOVER WINNER 0
# Game ended: Sat Apr 02 11:12:06 EDT 2016
