# Server version 0.08 running on 192.168.2.231:8123
# Game ID: 172
# Board class: hus.HusBoard
# Timeout: 2000
# First Move Timeout: 30000
# Date: Thu Mar 31 18:31:31 EDT 2016
# Player 1: Player-0, '260513906', running on 192.168.2.231
# Player 2: Player-1, 'RandomHusPlayer', running on 192.168.2.231
START Player-0 260513906
START Player-1 RandomHusPlayer
PIT 0 23
PIT 1 1
PIT 0 22
PIT 1 2
PIT 0 21
PIT 1 4
PIT 0 24
PIT 1 16
PIT 0 19
PIT 1 18
PIT 0 13
PIT 1 0
PIT 0 26
PIT 1 6
PIT 0 21
PIT 1 20
PIT 0 20
PIT 1 13
PIT 0 24
PIT 1 15
PIT 0 22
PIT 1 17
PIT 0 15
GAMEOVER WINNER 0
# Game ended: Thu Mar 31 18:31:35 EDT 2016
