# Server version 0.08 running on cs-22.CS.McGill.CA:8123
# Game ID: 471
# Board class: hus.HusBoard
# Timeout: 2000
# First Move Timeout: 30000
# Date: Wed Apr 06 21:37:10 EDT 2016
# Player 1: Player-0, '260513906', running on localhost
# Player 2: Player-1, 'RandomHusPlayer', running on localhost
START Player-0 260513906
START Player-1 RandomHusPlayer
PIT 0 6
PIT 1 11
PIT 0 5
PIT 1 8
PIT 0 9
PIT 1 9
PIT 0 19
PIT 1 21
PIT 0 21
PIT 1 24
PIT 0 24
PIT 1 15
PIT 0 16
PIT 1 13
PIT 0 22
PIT 1 0
PIT 0 24
PIT 1 16
PIT 0 17
PIT 1 18
PIT 0 19
PIT 1 24
PIT 0 26
PIT 1 23
PIT 0 25
