# Server version 0.08 running on lab1-3.CS.McGill.CA:8123
# Game ID: 530
# Board class: hus.HusBoard
# Timeout: 2000
# First Move Timeout: 30000
# Date: Thu Apr 07 17:42:04 EDT 2016
# Player 1: Player-0, '260513906', running on localhost
# Player 2: Player-1, 'RandomHusPlayer', running on localhost
START Player-0 260513906
START Player-1 RandomHusPlayer
PIT 0 0
PIT 1 1
PIT 0 10
PIT 1 20
PIT 0 3
PIT 1 22
PIT 0 22
PIT 1 16
PIT 0 15
PIT 1 17
PIT 0 1
PIT 1 4
PIT 0 18
PIT 1 28
PIT 0 19
PIT 1 0
PIT 0 22
PIT 1 1
PIT 0 23
PIT 1 14
PIT 0 24
PIT 1 2
GAMEOVER WINNER 1
# Game ended: Thu Apr 07 17:42:08 EDT 2016
