# Server version 0.08 running on wpa076073.wireless.mcgill.ca:8123
# Game ID: 272
# Board class: hus.HusBoard
# Timeout: 2000
# First Move Timeout: 30000
# Date: Sat Apr 02 14:26:31 EDT 2016
# Player 1: Player-0, '260513906', running on wpa076073.wireless.mcgill.ca
# Player 2: Player-1, 'RandomHusPlayer', running on wpa076073.wireless.mcgill.ca
START Player-0 260513906
START Player-1 RandomHusPlayer
PIT 0 1
PIT 1 8
PIT 0 2
PIT 1 17
PIT 0 4
PIT 1 11
PIT 0 6
PIT 1 6
PIT 0 11
PIT 1 24
PIT 0 13
PIT 1 21
PIT 0 14
PIT 1 23
PIT 0 18
PIT 1 19
PIT 0 0
PIT 1 1
GAMEOVER WINNER 1
# Game ended: Sat Apr 02 14:26:31 EDT 2016
