# Server version 0.08 running on 192.168.2.243:8123
# Game ID: 72
# Board class: hus.HusBoard
# Timeout: 2000
# First Move Timeout: 30000
# Date: Tue Mar 29 16:26:18 EDT 2016
# Player 1: Player-0, '260513906', running on 192.168.2.243
# Player 2: Player-1, 'RandomHusPlayer', running on 192.168.2.243
START Player-0 260513906
START Player-1 RandomHusPlayer
PIT 0 0
PIT 1 4
PIT 0 21
PIT 1 19
PIT 0 15
PIT 1 5
PIT 0 22
PIT 1 16
PIT 0 10
PIT 1 2
PIT 0 21
PIT 1 1
PIT 0 3
PIT 1 0
PIT 0 5
PIT 1 6
PIT 0 0
PIT 1 8
PIT 0 1
PIT 1 7
PIT 0 2
PIT 1 10
PIT 0 4
PIT 1 11
PIT 0 5
PIT 1 14
PIT 0 0
GAMEOVER WINNER 0
# Game ended: Tue Mar 29 16:26:18 EDT 2016
