# Server version 0.08 running on wpa149070.wireless.mcgill.ca:8123
# Game ID: 194
# Board class: hus.HusBoard
# Timeout: 2000
# First Move Timeout: 30000
# Date: Fri Apr 01 16:07:59 EDT 2016
# Player 1: Player-0, '260513906', running on wpa149070.wireless.mcgill.ca
# Player 2: Player-1, 'RandomHusPlayer', running on wpa149070.wireless.mcgill.ca
START Player-0 260513906
START Player-1 RandomHusPlayer
PIT 0 0
PIT 1 6
PIT 0 22
PIT 1 3
PIT 0 26
PIT 1 16
PIT 0 12
PIT 1 21
PIT 0 1
PIT 1 15
PIT 0 24
PIT 1 2
PIT 0 2
PIT 1 1
PIT 0 21
PIT 1 0
PIT 0 10
PIT 1 8
PIT 0 5
GAMEOVER WINNER 0
# Game ended: Fri Apr 01 16:08:06 EDT 2016
