# Server version 0.08 running on lab1-3.CS.McGill.CA:8123
# Game ID: 551
# Board class: hus.HusBoard
# Timeout: 2000
# First Move Timeout: 30000
# Date: Thu Apr 07 19:06:52 EDT 2016
# Player 1: Player-0, '260513906', running on localhost
# Player 2: Player-1, 'RandomHusPlayer', running on localhost
START Player-0 260513906
START Player-1 RandomHusPlayer
PIT 0 6
PIT 1 11
PIT 0 5
PIT 1 8
PIT 0 9
PIT 1 9
PIT 0 19
PIT 1 21
PIT 0 10
PIT 1 23
PIT 0 23
PIT 1 3
PIT 0 14
PIT 1 20
PIT 0 21
PIT 1 2
PIT 0 0
PIT 1 11
PIT 0 22
PIT 1 22
PIT 0 11
PIT 1 9
PIT 0 13
PIT 1 27
PIT 0 5
PIT 1 10
PIT 0 3
PIT 1 11
PIT 0 1
PIT 1 12
PIT 0 22
PIT 1 13
PIT 0 3
PIT 1 14
PIT 0 30
PIT 1 15
PIT 0 6
PIT 1 16
PIT 0 12
GAMEOVER WINNER 0
# Game ended: Thu Apr 07 19:07:29 EDT 2016
