# Server version 0.08 running on wpa076073.wireless.mcgill.ca:8123
# Game ID: 274
# Board class: hus.HusBoard
# Timeout: 2000
# First Move Timeout: 30000
# Date: Sat Apr 02 14:26:47 EDT 2016
# Player 1: Player-0, 'RandomHusPlayer', running on wpa076073.wireless.mcgill.ca
# Player 2: Player-1, '260513906', running on wpa076073.wireless.mcgill.ca
START Player-0 RandomHusPlayer
START Player-1 260513906
PIT 0 0
PIT 1 1
PIT 0 21
PIT 1 2
PIT 0 15
PIT 1 4
PIT 0 23
PIT 1 6
PIT 0 21
PIT 1 16
PIT 0 12
PIT 1 19
PIT 0 3
PIT 1 0
PIT 0 1
GAMEOVER WINNER 0
# Game ended: Sat Apr 02 14:26:47 EDT 2016
