# Server version 0.08 running on wpa076073.wireless.mcgill.ca:8123
# Game ID: 374
# Board class: hus.HusBoard
# Timeout: 2000
# First Move Timeout: 30000
# Date: Sat Apr 02 16:19:29 EDT 2016
# Player 1: Player-0, '260513906', running on wpa076073.wireless.mcgill.ca
# Player 2: Player-1, 'RandomHusPlayer', running on wpa076073.wireless.mcgill.ca
START Player-0 260513906
START Player-1 RandomHusPlayer
PIT 0 22
PIT 1 12
PIT 0 21
PIT 1 6
PIT 0 19
PIT 1 10
PIT 0 18
PIT 1 21
PIT 0 17
PIT 1 12
PIT 0 16
PIT 1 16
PIT 0 15
PIT 1 20
PIT 0 12
PIT 1 19
PIT 0 21
PIT 1 18
PIT 0 11
PIT 1 23
PIT 0 17
PIT 1 15
PIT 0 20
PIT 1 17
PIT 0 21
PIT 1 18
PIT 0 23
PIT 1 19
GAMEOVER TIMEOUT WINNER 1
# Game ended: Sat Apr 02 16:19:55 EDT 2016
