# Server version 0.08 running on cs-3.CS.McGill.CA:8123
# Game ID: 439
# Board class: hus.HusBoard
# Timeout: 2000
# First Move Timeout: 30000
# Date: Wed Apr 06 15:19:39 EDT 2016
# Player 1: Player-0, '260513906', running on localhost
# Player 2: Player-1, 'RandomHusPlayer', running on localhost
START Player-0 260513906
START Player-1 RandomHusPlayer
PIT 0 6
PIT 1 11
PIT 0 5
PIT 1 17
PIT 0 15
PIT 1 1
PIT 0 13
PIT 1 0
PIT 0 22
PIT 1 12
PIT 0 2
PIT 1 14
PIT 0 12
PIT 1 7
PIT 0 14
PIT 1 21
PIT 0 13
PIT 1 23
PIT 0 18
PIT 1 26
PIT 0 23
