# Server version 0.08 running on wpa149059.wireless.mcgill.ca:8123
# Game ID: 142
# Board class: hus.HusBoard
# Timeout: 2000
# First Move Timeout: 30000
# Date: Thu Mar 31 14:24:30 EDT 2016
# Player 1: Player-0, '260513906', running on wpa149059.wireless.mcgill.ca
# Player 2: Player-1, 'RandomHusPlayer', running on wpa149059.wireless.mcgill.ca
START Player-0 260513906
START Player-1 RandomHusPlayer
PIT 0 23
PIT 1 11
PIT 0 22
PIT 1 1
PIT 0 21
PIT 1 17
PIT 0 24
PIT 1 2
PIT 0 19
PIT 1 14
PIT 0 25
PIT 1 8
PIT 0 31
PIT 1 4
PIT 0 30
PIT 1 0
GAMEOVER TIMEOUT WINNER 1
# Game ended: Thu Mar 31 14:24:51 EDT 2016
