# Server version 0.08 running on wpa076073.wireless.mcgill.ca:8123
# Game ID: 382
# Board class: hus.HusBoard
# Timeout: 2000
# First Move Timeout: 30000
# Date: Sat Apr 02 16:30:45 EDT 2016
# Player 1: Player-0, 'RandomHusPlayer', running on wpa076073.wireless.mcgill.ca
# Player 2: Player-1, '260513906', running on wpa076073.wireless.mcgill.ca
START Player-0 RandomHusPlayer
START Player-1 260513906
PIT 0 0
PIT 1 20
PIT 0 21
PIT 1 21
PIT 0 16
PIT 1 13
PIT 0 6
PIT 1 1
PIT 0 26
PIT 1 2
PIT 0 10
PIT 1 0
PIT 0 1
PIT 1 18
PIT 0 15
PIT 1 5
PIT 0 17
PIT 1 29
PIT 0 18
PIT 1 24
GAMEOVER WINNER 1
# Game ended: Sat Apr 02 16:31:03 EDT 2016
