# Server version 0.08 running on 192.168.2.243:8123
# Game ID: 245
# Board class: hus.HusBoard
# Timeout: 2000
# First Move Timeout: 30000
# Date: Sat Apr 02 11:14:04 EDT 2016
# Player 1: Player-0, '260513906', running on 192.168.2.243
# Player 2: Player-1, 'RandomHusPlayer', running on 192.168.2.243
START Player-0 260513906
START Player-1 RandomHusPlayer
PIT 0 3
PIT 1 21
PIT 0 6
PIT 1 22
PIT 0 21
PIT 1 18
PIT 0 19
PIT 1 9
PIT 0 25
PIT 1 21
PIT 0 16
PIT 1 19
PIT 0 18
PIT 1 15
PIT 0 0
PIT 1 20
PIT 0 17
PIT 1 2
PIT 0 15
PIT 1 5
PIT 0 18
PIT 1 20
PIT 0 1
PIT 1 1
GAMEOVER WINNER 1
# Game ended: Sat Apr 02 11:14:09 EDT 2016
