# Server version 0.08 running on wpa077177.wireless.mcgill.ca:8123
# Game ID: 68
# Board class: hus.HusBoard
# Timeout: 300000
# First Move Timeout: 30000
# Date: Tue Mar 29 15:47:00 EDT 2016
# Player 1: Player-0, '260513906', running on wpa077177.wireless.mcgill.ca
# Player 2: Player-1, 'RandomHusPlayer', running on wpa077177.wireless.mcgill.ca
START Player-0 260513906
START Player-1 RandomHusPlayer
PIT 0 0
PIT 1 23
PIT 0 15
PIT 1 19
PIT 0 6
PIT 1 10
PIT 0 28
PIT 1 2
PIT 0 23
PIT 1 21
PIT 0 16
PIT 1 16
PIT 0 18
PIT 1 1
PIT 0 1
PIT 1 0
PIT 0 19
GAMEOVER WINNER 0
# Game ended: Tue Mar 29 15:47:00 EDT 2016
