# Server version 0.08 running on wpa077177.wireless.mcgill.ca:8123
# Game ID: 57
# Board class: hus.HusBoard
# Timeout: 2000
# First Move Timeout: 30000
# Date: Tue Mar 29 15:22:57 EDT 2016
# Player 1: Player-0, '260513906', running on wpa077177.wireless.mcgill.ca
# Player 2: Player-1, 'RandomHusPlayer', running on wpa077177.wireless.mcgill.ca
START Player-0 260513906
START Player-1 RandomHusPlayer
PIT 0 0
PIT 1 20
PIT 0 21
PIT 1 7
PIT 0 15
PIT 1 13
PIT 0 9
PIT 1 20
PIT 0 7
PIT 1 17
PIT 0 13
PIT 1 1
PIT 0 14
PIT 1 14
PIT 0 23
PIT 1 0
PIT 0 21
PIT 1 5
PIT 0 0
PIT 1 8
PIT 0 1
PIT 1 9
PIT 0 2
PIT 1 10
PIT 0 4
PIT 1 11
PIT 0 5
PIT 1 12
PIT 0 6
PIT 1 13
PIT 0 8
PIT 1 14
PIT 0 19
GAMEOVER WINNER 0
# Game ended: Tue Mar 29 15:22:58 EDT 2016
