# Server version 0.08 running on wpa149070.wireless.mcgill.ca:8123
# Game ID: 197
# Board class: hus.HusBoard
# Timeout: 2000
# First Move Timeout: 30000
# Date: Fri Apr 01 16:13:55 EDT 2016
# Player 1: Player-0, '260513906', running on wpa149070.wireless.mcgill.ca
# Player 2: Player-1, 'RandomHusPlayer', running on wpa149070.wireless.mcgill.ca
START Player-0 260513906
START Player-1 RandomHusPlayer
PIT 0 0
PIT 1 23
PIT 0 15
PIT 1 18
PIT 0 26
PIT 1 20
PIT 0 9
PIT 1 22
PIT 0 28
PIT 1 24
PIT 0 16
PIT 1 11
PIT 0 13
PIT 1 15
PIT 0 27
PIT 1 7
PIT 0 24
PIT 1 0
PIT 0 19
PIT 1 1
PIT 0 1
PIT 1 2
PIT 0 17
GAMEOVER WINNER 0
# Game ended: Fri Apr 01 16:14:05 EDT 2016
