# Server version 0.08 running on wpa149070.wireless.mcgill.ca:8123
# Game ID: 182
# Board class: hus.HusBoard
# Timeout: 2000
# First Move Timeout: 30000
# Date: Fri Apr 01 15:50:17 EDT 2016
# Player 1: Player-0, '260513906', running on wpa149070.wireless.mcgill.ca
# Player 2: Player-1, 'RandomHusPlayer', running on wpa149070.wireless.mcgill.ca
START Player-0 260513906
START Player-1 RandomHusPlayer
PIT 0 0
PIT 1 7
PIT 0 21
PIT 1 16
PIT 0 24
PIT 1 13
PIT 0 15
PIT 1 5
PIT 0 21
PIT 1 1
PIT 0 0
PIT 1 0
PIT 0 2
PIT 1 4
PIT 0 3
PIT 1 7
PIT 0 0
PIT 1 5
PIT 0 1
PIT 1 6
PIT 0 25
PIT 1 7
PIT 0 1
PIT 1 8
PIT 0 9
PIT 1 13
PIT 0 11
PIT 1 14
PIT 0 0
PIT 1 9
PIT 0 25
GAMEOVER WINNER 0
# Game ended: Fri Apr 01 15:50:17 EDT 2016
