# Server version 0.08 running on wpa149059.wireless.mcgill.ca:8123
# Game ID: 130
# Board class: hus.HusBoard
# Timeout: 2000
# First Move Timeout: 30000
# Date: Thu Mar 31 13:48:36 EDT 2016
# Player 1: Player-0, '260513906', running on wpa149059.wireless.mcgill.ca
# Player 2: Player-1, 'RandomHusPlayer', running on wpa149059.wireless.mcgill.ca
START Player-0 260513906
START Player-1 RandomHusPlayer
PIT 0 23
PIT 1 0
PIT 0 19
PIT 1 7
PIT 0 22
PIT 1 16
PIT 0 23
PIT 1 15
PIT 0 16
PIT 1 19
PIT 0 22
PIT 1 12
PIT 0 13
PIT 1 3
PIT 0 25
PIT 1 4
PIT 0 19
PIT 1 1
GAMEOVER TIMEOUT WINNER 1
# Game ended: Thu Mar 31 13:48:42 EDT 2016
