# Server version 0.08 running on wpa149059.wireless.mcgill.ca:8123
# Game ID: 122
# Board class: hus.HusBoard
# Timeout: 2000
# First Move Timeout: 30000
# Date: Thu Mar 31 12:59:10 EDT 2016
# Player 1: Player-0, '260513906', running on wpa149059.wireless.mcgill.ca
# Player 2: Player-1, 'RandomHusPlayer', running on wpa149059.wireless.mcgill.ca
START Player-0 260513906
START Player-1 RandomHusPlayer
PIT 0 23
PIT 1 0
PIT 0 22
PIT 1 16
PIT 0 12
PIT 1 9
PIT 0 23
PIT 1 4
PIT 0 11
PIT 1 6
PIT 0 16
PIT 1 18
PIT 0 26
PIT 1 26
GAMEOVER TIMEOUT WINNER 1
# Game ended: Thu Mar 31 12:59:31 EDT 2016
