# Server version 0.08 running on wpa149051.wireless.mcgill.ca:8123
# Game ID: 152
# Board class: hus.HusBoard
# Timeout: 2000
# First Move Timeout: 30000
# Date: Thu Mar 31 15:54:15 EDT 2016
# Player 1: Player-0, '260513906', running on wpa149051.wireless.mcgill.ca
# Player 2: Player-1, 'RandomHusPlayer', running on wpa149051.wireless.mcgill.ca
START Player-0 260513906
START Player-1 RandomHusPlayer
PIT 0 23
PIT 1 1
PIT 0 22
PIT 1 2
PIT 0 21
PIT 1 0
PIT 0 25
PIT 1 22
PIT 0 19
PIT 1 4
PIT 0 25
PIT 1 10
PIT 0 28
GAMEOVER WINNER 0
# Game ended: Thu Mar 31 15:54:20 EDT 2016
