# Server version 0.08 running on cs-3.CS.McGill.CA:8123
# Game ID: 441
# Board class: hus.HusBoard
# Timeout: 2000
# First Move Timeout: 30000
# Date: Wed Apr 06 15:26:25 EDT 2016
# Player 1: Player-0, '260513906', running on localhost
# Player 2: Player-1, 'RandomHusPlayer', running on localhost
START Player-0 260513906
START Player-1 RandomHusPlayer
PIT 0 6
PIT 1 11
PIT 0 5
PIT 1 17
PIT 0 15
PIT 1 1
PIT 0 13
PIT 1 0
PIT 0 26
PIT 1 5
PIT 0 28
PIT 1 7
PIT 0 2
PIT 1 8
PIT 0 0
PIT 1 4
PIT 0 8
PIT 1 10
PIT 0 21
PIT 1 6
PIT 0 26
PIT 1 14
PIT 0 17
PIT 1 11
PIT 0 3
PIT 1 7
PIT 0 14
PIT 1 10
PIT 0 2
PIT 1 11
