# Server version 0.08 running on wpa076073.wireless.mcgill.ca:8123
# Game ID: 266
# Board class: hus.HusBoard
# Timeout: 2000
# First Move Timeout: 30000
# Date: Sat Apr 02 13:47:06 EDT 2016
# Player 1: Player-0, '260513906', running on wpa076073.wireless.mcgill.ca
# Player 2: Player-1, 'RandomHusPlayer', running on wpa076073.wireless.mcgill.ca
START Player-0 260513906
START Player-1 RandomHusPlayer
PIT 0 19
PIT 1 0
PIT 0 5
PIT 1 18
PIT 0 17
PIT 1 26
PIT 0 11
PIT 1 12
PIT 0 15
PIT 1 13
PIT 0 0
PIT 1 19
PIT 0 18
PIT 1 18
PIT 0 24
PIT 1 14
PIT 0 26
PIT 1 15
PIT 0 17
PIT 1 18
PIT 0 20
PIT 1 0
GAMEOVER WINNER 1
# Game ended: Sat Apr 02 13:47:07 EDT 2016
