# Server version 0.08 running on lab1-3.CS.McGill.CA:8123
# Game ID: 537
# Board class: hus.HusBoard
# Timeout: 2000
# First Move Timeout: 30000
# Date: Thu Apr 07 17:59:52 EDT 2016
# Player 1: Player-0, '260513906', running on localhost
# Player 2: Player-1, 'RandomHusPlayer', running on localhost
START Player-0 260513906
START Player-1 RandomHusPlayer
PIT 0 6
PIT 1 11
PIT 0 5
PIT 1 8
PIT 0 9
PIT 1 9
PIT 0 19
PIT 1 21
PIT 0 10
PIT 1 13
PIT 0 23
PIT 1 18
PIT 0 17
PIT 1 20
PIT 0 12
PIT 1 21
PIT 0 18
PIT 1 14
PIT 0 19
PIT 1 24
PIT 0 21
PIT 1 20
PIT 0 2
PIT 1 25
PIT 0 0
PIT 1 31
PIT 0 1
PIT 1 15
PIT 0 2
PIT 1 7
PIT 0 3
PIT 1 1
PIT 0 4
PIT 1 20
PIT 0 7
PIT 1 0
PIT 0 5
PIT 1 25
PIT 0 10
PIT 1 0
PIT 0 22
PIT 1 5
GAMEOVER WINNER 1
# Game ended: Thu Apr 07 18:00:26 EDT 2016
