# Server version 0.08 running on wpa076073.wireless.mcgill.ca:8123
# Game ID: 262
# Board class: hus.HusBoard
# Timeout: 2000
# First Move Timeout: 30000
# Date: Sat Apr 02 13:20:55 EDT 2016
# Player 1: Player-0, '260513906', running on wpa076073.wireless.mcgill.ca
# Player 2: Player-1, 'RandomHusPlayer', running on wpa076073.wireless.mcgill.ca
START Player-0 260513906
START Player-1 RandomHusPlayer
PIT 0 0
PIT 1 8
PIT 0 1
PIT 1 14
PIT 0 19
PIT 1 9
PIT 0 22
PIT 1 22
PIT 0 9
PIT 1 17
PIT 0 26
PIT 1 0
PIT 0 27
PIT 1 14
PIT 0 29
PIT 1 0
PIT 0 0
PIT 1 1
PIT 0 31
PIT 1 4
PIT 0 1
PIT 1 5
PIT 0 3
PIT 1 17
PIT 0 2
PIT 1 10
PIT 0 5
PIT 1 13
PIT 0 12
PIT 1 1
PIT 0 13
PIT 1 2
PIT 0 14
PIT 1 0
GAMEOVER WINNER 1
# Game ended: Sat Apr 02 13:20:58 EDT 2016
