# Server version 0.08 running on wpa149059.wireless.mcgill.ca:8123
# Game ID: 136
# Board class: hus.HusBoard
# Timeout: 2000
# First Move Timeout: 30000
# Date: Thu Mar 31 14:09:30 EDT 2016
# Player 1: Player-0, '260513906', running on wpa149059.wireless.mcgill.ca
# Player 2: Player-1, 'RandomHusPlayer', running on wpa149059.wireless.mcgill.ca
START Player-0 260513906
START Player-1 RandomHusPlayer
PIT 0 23
PIT 1 18
PIT 0 20
PIT 1 12
PIT 0 22
PIT 1 21
PIT 0 13
PIT 1 17
PIT 0 14
PIT 1 1
PIT 0 18
PIT 1 20
GAMEOVER TIMEOUT WINNER 1
# Game ended: Thu Mar 31 14:09:38 EDT 2016
