# Server version 0.08 running on wpa149070.wireless.mcgill.ca:8123
# Game ID: 177
# Board class: hus.HusBoard
# Timeout: 2000
# First Move Timeout: 30000
# Date: Fri Apr 01 15:40:06 EDT 2016
# Player 1: Player-0, 'RandomHusPlayer', running on wpa149070.wireless.mcgill.ca
# Player 2: Player-1, '260513906', running on wpa149070.wireless.mcgill.ca
START Player-0 RandomHusPlayer
START Player-1 260513906
PIT 0 6
PIT 1 15
PIT 0 19
PIT 1 21
PIT 0 10
PIT 1 10
PIT 0 3
PIT 1 4
PIT 0 18
PIT 1 19
PIT 0 7
GAMEOVER TIMEOUT WINNER 0
# Game ended: Fri Apr 01 15:40:31 EDT 2016
